<?xml version="1.0" encoding="UTF-8"?>
<testng-results skipped="0" failed="0" ignored="0" total="2" passed="2">
  <reporter-output>
  </reporter-output>
  <suite name="Default suite" duration-ms="78" started-at="2020-08-02T23:09:34Z" finished-at="2020-08-02T23:09:34Z">
    <groups>
    </groups>
    <test name="Default test" duration-ms="78" started-at="2020-08-02T23:09:34Z" finished-at="2020-08-02T23:09:34Z">
      <class name="com.test.CICDDemo.SeleniumTest">
        <test-method status="PASS" signature="BrowserAUtomation()[pri:0, instance:com.test.CICDDemo.SeleniumTest@26653222]" name="BrowserAUtomation" duration-ms="11" started-at="2020-08-03T01:09:34Z" finished-at="2020-08-03T01:09:34Z">
          <reporter-output>
          </reporter-output>
        </test-method> <!-- BrowserAUtomation -->
        <test-method status="PASS" signature="elementsUi()[pri:0, instance:com.test.CICDDemo.SeleniumTest@26653222]" name="elementsUi" duration-ms="2" started-at="2020-08-03T01:09:34Z" finished-at="2020-08-03T01:09:34Z">
          <reporter-output>
          </reporter-output>
        </test-method> <!-- elementsUi -->
      </class> <!-- com.test.CICDDemo.SeleniumTest -->
    </test> <!-- Default test -->
  </suite> <!-- Default suite -->
</testng-results>
